time="2022-08-19 10:38:00" level=info DataSize=1235 HostName=WIN-E0QEJQUA102 Ip="::1" Method=GET Path=/api/article/list SpendTime="72 ms" Status=200 UserAgent="Mozilla/5.0 (Windows NT 10.0; Win64; x64) AppleWebKit/537.36 (KHTML, like Gecko) Chrome/104.0.5112.81 Safari/537.36 Edg/104.0.1293.54"
time="2022-08-19 10:41:52" level=info DataSize=502 HostName=WIN-E0QEJQUA102 Ip="::1" Method=GET Path=/api/board SpendTime="108 ms" Status=200 UserAgent="Mozilla/5.0 (Windows NT 10.0; Win64; x64) AppleWebKit/537.36 (KHTML, like Gecko) Chrome/104.0.5112.81 Safari/537.36 Edg/104.0.1293.54"
time="2022-08-19 10:41:55" level=info DataSize=46 HostName=WIN-E0QEJQUA102 Ip="::1" Method=GET Path=/api/life SpendTime="5 ms" Status=200 UserAgent="Mozilla/5.0 (Windows NT 10.0; Win64; x64) AppleWebKit/537.36 (KHTML, like Gecko) Chrome/104.0.5112.81 Safari/537.36 Edg/104.0.1293.54"
time="2022-08-19 10:41:55" level=info DataSize=141 HostName=WIN-E0QEJQUA102 Ip="::1" Method=GET Path=/api/category SpendTime="2 ms" Status=200 UserAgent="Mozilla/5.0 (Windows NT 10.0; Win64; x64) AppleWebKit/537.36 (KHTML, like Gecko) Chrome/104.0.5112.81 Safari/537.36 Edg/104.0.1293.54"
time="2022-08-19 10:41:56" level=info DataSize=1235 HostName=WIN-E0QEJQUA102 Ip="::1" Method=GET Path=/api/article/list SpendTime="1 ms" Status=200 UserAgent="Mozilla/5.0 (Windows NT 10.0; Win64; x64) AppleWebKit/537.36 (KHTML, like Gecko) Chrome/104.0.5112.81 Safari/537.36 Edg/104.0.1293.54"
time="2022-08-19 10:41:57" level=info DataSize=1235 HostName=WIN-E0QEJQUA102 Ip="::1" Method=GET Path=/api/article/list SpendTime="2 ms" Status=200 UserAgent="Mozilla/5.0 (Windows NT 10.0; Win64; x64) AppleWebKit/537.36 (KHTML, like Gecko) Chrome/104.0.5112.81 Safari/537.36 Edg/104.0.1293.54"
time="2022-08-19 10:50:31" level=info DataSize=1235 HostName=WIN-E0QEJQUA102 Ip="::1" Method=GET Path=/api/article/list SpendTime="5 ms" Status=200 UserAgent="Mozilla/5.0 (Windows NT 10.0; Win64; x64) AppleWebKit/537.36 (KHTML, like Gecko) Chrome/104.0.5112.81 Safari/537.36 Edg/104.0.1293.54"
time="2022-08-19 10:50:41" level=info DataSize=1235 HostName=WIN-E0QEJQUA102 Ip="::1" Method=GET Path=/api/article/list SpendTime="3 ms" Status=200 UserAgent="Mozilla/5.0 (Windows NT 10.0; Win64; x64) AppleWebKit/537.36 (KHTML, like Gecko) Chrome/104.0.5112.81 Safari/537.36 Edg/104.0.1293.54"
time="2022-08-19 10:51:21" level=info DataSize=1235 HostName=WIN-E0QEJQUA102 Ip="::1" Method=GET Path=/api/article/list SpendTime="4 ms" Status=200 UserAgent="Mozilla/5.0 (Windows NT 10.0; Win64; x64) AppleWebKit/537.36 (KHTML, like Gecko) Chrome/104.0.5112.81 Safari/537.36 Edg/104.0.1293.54"
time="2022-08-19 10:51:40" level=info DataSize=1235 HostName=WIN-E0QEJQUA102 Ip="::1" Method=GET Path=/api/article/list SpendTime="2 ms" Status=200 UserAgent="Mozilla/5.0 (Windows NT 10.0; Win64; x64) AppleWebKit/537.36 (KHTML, like Gecko) Chrome/104.0.5112.81 Safari/537.36 Edg/104.0.1293.54"
time="2022-08-19 10:52:30" level=info DataSize=1235 HostName=WIN-E0QEJQUA102 Ip="::1" Method=GET Path=/api/article/list SpendTime="2 ms" Status=200 UserAgent="Mozilla/5.0 (Windows NT 10.0; Win64; x64) AppleWebKit/537.36 (KHTML, like Gecko) Chrome/104.0.5112.81 Safari/537.36 Edg/104.0.1293.54"
time="2022-08-19 11:00:07" level=info DataSize=1235 HostName=WIN-E0QEJQUA102 Ip="::1" Method=GET Path=/api/article/list SpendTime="7 ms" Status=200 UserAgent="Mozilla/5.0 (Windows NT 10.0; Win64; x64) AppleWebKit/537.36 (KHTML, like Gecko) Chrome/104.0.5112.81 Safari/537.36 Edg/104.0.1293.54"
time="2022-08-19 11:00:51" level=info DataSize=1235 HostName=WIN-E0QEJQUA102 Ip="::1" Method=GET Path=/api/article/list SpendTime="12 ms" Status=200 UserAgent="Mozilla/5.0 (Windows NT 10.0; Win64; x64) AppleWebKit/537.36 (KHTML, like Gecko) Chrome/104.0.5112.81 Safari/537.36 Edg/104.0.1293.54"
time="2022-08-19 11:01:30" level=info DataSize=1235 HostName=WIN-E0QEJQUA102 Ip="::1" Method=GET Path=/api/article/list SpendTime="6 ms" Status=200 UserAgent="Mozilla/5.0 (Windows NT 10.0; Win64; x64) AppleWebKit/537.36 (KHTML, like Gecko) Chrome/104.0.5112.81 Safari/537.36 Edg/104.0.1293.54"
time="2022-08-19 11:01:39" level=info DataSize=1235 HostName=WIN-E0QEJQUA102 Ip="::1" Method=GET Path=/api/article/list SpendTime="1 ms" Status=200 UserAgent="Mozilla/5.0 (Windows NT 10.0; Win64; x64) AppleWebKit/537.36 (KHTML, like Gecko) Chrome/104.0.5112.81 Safari/537.36 Edg/104.0.1293.54"
time="2022-08-19 11:01:50" level=info DataSize=1235 HostName=WIN-E0QEJQUA102 Ip="::1" Method=GET Path=/api/article/list SpendTime="3 ms" Status=200 UserAgent="Mozilla/5.0 (Windows NT 10.0; Win64; x64) AppleWebKit/537.36 (KHTML, like Gecko) Chrome/104.0.5112.81 Safari/537.36 Edg/104.0.1293.54"
time="2022-08-19 11:02:00" level=info DataSize=1235 HostName=WIN-E0QEJQUA102 Ip="::1" Method=GET Path=/api/article/list SpendTime="1 ms" Status=200 UserAgent="Mozilla/5.0 (Windows NT 10.0; Win64; x64) AppleWebKit/537.36 (KHTML, like Gecko) Chrome/104.0.5112.81 Safari/537.36 Edg/104.0.1293.54"
time="2022-08-19 11:02:24" level=info DataSize=1235 HostName=WIN-E0QEJQUA102 Ip="::1" Method=GET Path=/api/article/list SpendTime="9 ms" Status=200 UserAgent="Mozilla/5.0 (Windows NT 10.0; Win64; x64) AppleWebKit/537.36 (KHTML, like Gecko) Chrome/104.0.5112.81 Safari/537.36 Edg/104.0.1293.54"
time="2022-08-19 11:08:47" level=info DataSize=1235 HostName=WIN-E0QEJQUA102 Ip="::1" Method=GET Path=/api/article/list SpendTime="11 ms" Status=200 UserAgent="Mozilla/5.0 (Windows NT 10.0; Win64; x64) AppleWebKit/537.36 (KHTML, like Gecko) Chrome/104.0.5112.81 Safari/537.36 Edg/104.0.1293.54"
time="2022-08-19 11:08:53" level=info DataSize=1235 HostName=WIN-E0QEJQUA102 Ip="::1" Method=GET Path=/api/article/list SpendTime="2 ms" Status=200 UserAgent="Mozilla/5.0 (Windows NT 10.0; Win64; x64) AppleWebKit/537.36 (KHTML, like Gecko) Chrome/104.0.5112.81 Safari/537.36 Edg/104.0.1293.54"
time="2022-08-19 11:09:40" level=info DataSize=1235 HostName=WIN-E0QEJQUA102 Ip="::1" Method=GET Path=/api/article/list SpendTime="11 ms" Status=200 UserAgent="Mozilla/5.0 (Windows NT 10.0; Win64; x64) AppleWebKit/537.36 (KHTML, like Gecko) Chrome/104.0.5112.81 Safari/537.36 Edg/104.0.1293.54"
time="2022-08-19 11:09:47" level=info DataSize=1235 HostName=WIN-E0QEJQUA102 Ip="::1" Method=GET Path=/api/article/list SpendTime="1 ms" Status=200 UserAgent="Mozilla/5.0 (Windows NT 10.0; Win64; x64) AppleWebKit/537.36 (KHTML, like Gecko) Chrome/104.0.5112.81 Safari/537.36 Edg/104.0.1293.54"
time="2022-08-19 11:13:21" level=info DataSize=1235 HostName=WIN-E0QEJQUA102 Ip="::1" Method=GET Path=/api/article/list SpendTime="3 ms" Status=200 UserAgent="Mozilla/5.0 (Windows NT 10.0; Win64; x64) AppleWebKit/537.36 (KHTML, like Gecko) Chrome/104.0.5112.81 Safari/537.36 Edg/104.0.1293.54"
time="2022-08-19 11:13:23" level=info DataSize=141 HostName=WIN-E0QEJQUA102 Ip="::1" Method=GET Path=/api/category SpendTime="2 ms" Status=200 UserAgent="Mozilla/5.0 (Windows NT 10.0; Win64; x64) AppleWebKit/537.36 (KHTML, like Gecko) Chrome/104.0.5112.81 Safari/537.36 Edg/104.0.1293.54"
time="2022-08-19 11:13:25" level=info DataSize=232 HostName=WIN-E0QEJQUA102 Ip="::1" Method=GET Path=/api/project SpendTime="2 ms" Status=200 UserAgent="Mozilla/5.0 (Windows NT 10.0; Win64; x64) AppleWebKit/537.36 (KHTML, like Gecko) Chrome/104.0.5112.81 Safari/537.36 Edg/104.0.1293.54"
time="2022-08-19 11:13:26" level=info DataSize=46 HostName=WIN-E0QEJQUA102 Ip="::1" Method=GET Path=/api/life SpendTime="2 ms" Status=200 UserAgent="Mozilla/5.0 (Windows NT 10.0; Win64; x64) AppleWebKit/537.36 (KHTML, like Gecko) Chrome/104.0.5112.81 Safari/537.36 Edg/104.0.1293.54"
time="2022-08-19 11:13:36" level=info DataSize=502 HostName=WIN-E0QEJQUA102 Ip="::1" Method=GET Path=/api/board SpendTime="8 ms" Status=200 UserAgent="Mozilla/5.0 (Windows NT 10.0; Win64; x64) AppleWebKit/537.36 (KHTML, like Gecko) Chrome/104.0.5112.81 Safari/537.36 Edg/104.0.1293.54"
time="2022-08-19 11:13:43" level=info DataSize=502 HostName=WIN-E0QEJQUA102 Ip="::1" Method=GET Path=/api/board SpendTime="1 ms" Status=200 UserAgent="Mozilla/5.0 (Windows NT 10.0; Win64; x64) AppleWebKit/537.36 (KHTML, like Gecko) Chrome/104.0.5112.81 Safari/537.36 Edg/104.0.1293.54"
time="2022-08-19 11:13:45" level=info DataSize=1235 HostName=WIN-E0QEJQUA102 Ip="::1" Method=GET Path=/api/article/list SpendTime="2 ms" Status=200 UserAgent="Mozilla/5.0 (Windows NT 10.0; Win64; x64) AppleWebKit/537.36 (KHTML, like Gecko) Chrome/104.0.5112.81 Safari/537.36 Edg/104.0.1293.54"
time="2022-08-19 11:13:47" level=info DataSize=1235 HostName=WIN-E0QEJQUA102 Ip="::1" Method=GET Path=/api/article/list SpendTime="7 ms" Status=200 UserAgent="Mozilla/5.0 (Windows NT 10.0; Win64; x64) AppleWebKit/537.36 (KHTML, like Gecko) Chrome/104.0.5112.81 Safari/537.36 Edg/104.0.1293.54"
time="2022-08-19 11:13:48" level=info DataSize=141 HostName=WIN-E0QEJQUA102 Ip="::1" Method=GET Path=/api/category SpendTime="1 ms" Status=200 UserAgent="Mozilla/5.0 (Windows NT 10.0; Win64; x64) AppleWebKit/537.36 (KHTML, like Gecko) Chrome/104.0.5112.81 Safari/537.36 Edg/104.0.1293.54"
time="2022-08-19 11:13:49" level=info DataSize=232 HostName=WIN-E0QEJQUA102 Ip="::1" Method=GET Path=/api/project SpendTime="1 ms" Status=200 UserAgent="Mozilla/5.0 (Windows NT 10.0; Win64; x64) AppleWebKit/537.36 (KHTML, like Gecko) Chrome/104.0.5112.81 Safari/537.36 Edg/104.0.1293.54"
time="2022-08-19 11:13:49" level=info DataSize=46 HostName=WIN-E0QEJQUA102 Ip="::1" Method=GET Path=/api/life SpendTime="1 ms" Status=200 UserAgent="Mozilla/5.0 (Windows NT 10.0; Win64; x64) AppleWebKit/537.36 (KHTML, like Gecko) Chrome/104.0.5112.81 Safari/537.36 Edg/104.0.1293.54"
time="2022-08-19 11:13:51" level=info DataSize=502 HostName=WIN-E0QEJQUA102 Ip="::1" Method=GET Path=/api/board SpendTime="2 ms" Status=200 UserAgent="Mozilla/5.0 (Windows NT 10.0; Win64; x64) AppleWebKit/537.36 (KHTML, like Gecko) Chrome/104.0.5112.81 Safari/537.36 Edg/104.0.1293.54"
time="2022-08-19 11:14:08" level=info DataSize=1235 HostName=WIN-E0QEJQUA102 Ip="::1" Method=GET Path=/api/article/list SpendTime="7 ms" Status=200 UserAgent="Mozilla/5.0 (Windows NT 10.0; Win64; x64) AppleWebKit/537.36 (KHTML, like Gecko) Chrome/104.0.5112.81 Safari/537.36 Edg/104.0.1293.54"
time="2022-08-19 11:14:10" level=info DataSize=141 HostName=WIN-E0QEJQUA102 Ip="::1" Method=GET Path=/api/category SpendTime="1 ms" Status=200 UserAgent="Mozilla/5.0 (Windows NT 10.0; Win64; x64) AppleWebKit/537.36 (KHTML, like Gecko) Chrome/104.0.5112.81 Safari/537.36 Edg/104.0.1293.54"
time="2022-08-19 11:14:10" level=info DataSize=232 HostName=WIN-E0QEJQUA102 Ip="::1" Method=GET Path=/api/project SpendTime="2 ms" Status=200 UserAgent="Mozilla/5.0 (Windows NT 10.0; Win64; x64) AppleWebKit/537.36 (KHTML, like Gecko) Chrome/104.0.5112.81 Safari/537.36 Edg/104.0.1293.54"
time="2022-08-19 11:27:11" level=info DataSize=1235 HostName=WIN-E0QEJQUA102 Ip="::1" Method=GET Path=/api/article/list SpendTime="5 ms" Status=200 UserAgent="Mozilla/5.0 (Windows NT 10.0; Win64; x64) AppleWebKit/537.36 (KHTML, like Gecko) Chrome/104.0.5112.81 Safari/537.36 Edg/104.0.1293.54"
time="2022-08-19 11:30:36" level=info DataSize=1235 HostName=WIN-E0QEJQUA102 Ip="::1" Method=GET Path=/api/article/list SpendTime="8 ms" Status=200 UserAgent="Mozilla/5.0 (Windows NT 10.0; Win64; x64) AppleWebKit/537.36 (KHTML, like Gecko) Chrome/104.0.5112.81 Safari/537.36 Edg/104.0.1293.54"
time="2022-08-19 11:33:38" level=info DataSize=1235 HostName=WIN-E0QEJQUA102 Ip="::1" Method=GET Path=/api/article/list SpendTime="5 ms" Status=200 UserAgent="Mozilla/5.0 (Windows NT 10.0; Win64; x64) AppleWebKit/537.36 (KHTML, like Gecko) Chrome/104.0.5112.81 Safari/537.36 Edg/104.0.1293.54"
time="2022-08-19 11:33:49" level=info DataSize=141 HostName=WIN-E0QEJQUA102 Ip="::1" Method=GET Path=/api/category SpendTime="3 ms" Status=200 UserAgent="Mozilla/5.0 (Windows NT 10.0; Win64; x64) AppleWebKit/537.36 (KHTML, like Gecko) Chrome/104.0.5112.81 Safari/537.36 Edg/104.0.1293.54"
time="2022-08-19 11:33:50" level=info DataSize=5550 HostName=WIN-E0QEJQUA102 Ip="::1" Method=GET Path=/api/articlecate/test SpendTime="2 ms" Status=200 UserAgent="Mozilla/5.0 (Windows NT 10.0; Win64; x64) AppleWebKit/537.36 (KHTML, like Gecko) Chrome/104.0.5112.81 Safari/537.36 Edg/104.0.1293.54"
time="2022-08-19 11:33:53" level=info DataSize=232 HostName=WIN-E0QEJQUA102 Ip="::1" Method=GET Path=/api/project SpendTime="1 ms" Status=200 UserAgent="Mozilla/5.0 (Windows NT 10.0; Win64; x64) AppleWebKit/537.36 (KHTML, like Gecko) Chrome/104.0.5112.81 Safari/537.36 Edg/104.0.1293.54"
time="2022-08-19 11:34:03" level=info DataSize=46 HostName=WIN-E0QEJQUA102 Ip="::1" Method=GET Path=/api/life SpendTime="4 ms" Status=200 UserAgent="Mozilla/5.0 (Windows NT 10.0; Win64; x64) AppleWebKit/537.36 (KHTML, like Gecko) Chrome/104.0.5112.81 Safari/537.36 Edg/104.0.1293.54"
time="2022-08-19 11:34:09" level=info DataSize=502 HostName=WIN-E0QEJQUA102 Ip="::1" Method=GET Path=/api/board SpendTime="1 ms" Status=200 UserAgent="Mozilla/5.0 (Windows NT 10.0; Win64; x64) AppleWebKit/537.36 (KHTML, like Gecko) Chrome/104.0.5112.81 Safari/537.36 Edg/104.0.1293.54"
time="2022-08-19 11:35:23" level=info DataSize=1235 HostName=WIN-E0QEJQUA102 Ip="::1" Method=GET Path=/api/article/list SpendTime="7 ms" Status=200 UserAgent="Mozilla/5.0 (Windows NT 10.0; Win64; x64) AppleWebKit/537.36 (KHTML, like Gecko) Chrome/104.0.5112.81 Safari/537.36 Edg/104.0.1293.54"
time="2022-08-19 11:35:46" level=info DataSize=1235 HostName=WIN-E0QEJQUA102 Ip="::1" Method=GET Path=/api/article/list SpendTime="7 ms" Status=200 UserAgent="Mozilla/5.0 (Windows NT 10.0; Win64; x64) AppleWebKit/537.36 (KHTML, like Gecko) Chrome/104.0.5112.81 Safari/537.36 Edg/104.0.1293.54"
time="2022-08-19 11:36:56" level=info DataSize=1235 HostName=WIN-E0QEJQUA102 Ip="::1" Method=GET Path=/api/article/list SpendTime="4 ms" Status=200 UserAgent="Mozilla/5.0 (Windows NT 10.0; Win64; x64) AppleWebKit/537.36 (KHTML, like Gecko) Chrome/104.0.5112.81 Safari/537.36 Edg/104.0.1293.54"
time="2022-08-19 11:37:00" level=info DataSize=1235 HostName=WIN-E0QEJQUA102 Ip="::1" Method=GET Path=/api/article/list SpendTime="1 ms" Status=200 UserAgent="Mozilla/5.0 (Windows NT 10.0; Win64; x64) AppleWebKit/537.36 (KHTML, like Gecko) Chrome/104.0.5112.81 Safari/537.36 Edg/104.0.1293.54"
time="2022-08-19 11:40:09" level=info DataSize=1235 HostName=WIN-E0QEJQUA102 Ip="::1" Method=GET Path=/api/article/list SpendTime="9 ms" Status=200 UserAgent="Mozilla/5.0 (Windows NT 10.0; Win64; x64) AppleWebKit/537.36 (KHTML, like Gecko) Chrome/104.0.5112.81 Safari/537.36 Edg/104.0.1293.54"
time="2022-08-19 11:40:14" level=info DataSize=141 HostName=WIN-E0QEJQUA102 Ip="::1" Method=GET Path=/api/category SpendTime="1 ms" Status=200 UserAgent="Mozilla/5.0 (Windows NT 10.0; Win64; x64) AppleWebKit/537.36 (KHTML, like Gecko) Chrome/104.0.5112.81 Safari/537.36 Edg/104.0.1293.54"
time="2022-08-19 11:40:15" level=info DataSize=232 HostName=WIN-E0QEJQUA102 Ip="::1" Method=GET Path=/api/project SpendTime="1 ms" Status=200 UserAgent="Mozilla/5.0 (Windows NT 10.0; Win64; x64) AppleWebKit/537.36 (KHTML, like Gecko) Chrome/104.0.5112.81 Safari/537.36 Edg/104.0.1293.54"
time="2022-08-19 11:40:17" level=info DataSize=46 HostName=WIN-E0QEJQUA102 Ip="::1" Method=GET Path=/api/life SpendTime="7 ms" Status=200 UserAgent="Mozilla/5.0 (Windows NT 10.0; Win64; x64) AppleWebKit/537.36 (KHTML, like Gecko) Chrome/104.0.5112.81 Safari/537.36 Edg/104.0.1293.54"
time="2022-08-19 11:40:18" level=info DataSize=502 HostName=WIN-E0QEJQUA102 Ip="::1" Method=GET Path=/api/board SpendTime="1 ms" Status=200 UserAgent="Mozilla/5.0 (Windows NT 10.0; Win64; x64) AppleWebKit/537.36 (KHTML, like Gecko) Chrome/104.0.5112.81 Safari/537.36 Edg/104.0.1293.54"
time="2022-08-19 11:41:18" level=info DataSize=1235 HostName=WIN-E0QEJQUA102 Ip="::1" Method=GET Path=/api/article/list SpendTime="8 ms" Status=200 UserAgent="Mozilla/5.0 (Windows NT 10.0; Win64; x64) AppleWebKit/537.36 (KHTML, like Gecko) Chrome/104.0.5112.81 Safari/537.36 Edg/104.0.1293.54"
time="2022-08-19 11:42:10" level=info DataSize=502 HostName=WIN-E0QEJQUA102 Ip="::1" Method=GET Path=/api/board SpendTime="8 ms" Status=200 UserAgent="Mozilla/5.0 (Windows NT 10.0; Win64; x64) AppleWebKit/537.36 (KHTML, like Gecko) Chrome/104.0.5112.81 Safari/537.36 Edg/104.0.1293.54"
time="2022-08-19 11:42:13" level=info DataSize=1235 HostName=WIN-E0QEJQUA102 Ip="::1" Method=GET Path=/api/article/list SpendTime="1 ms" Status=200 UserAgent="Mozilla/5.0 (Windows NT 10.0; Win64; x64) AppleWebKit/537.36 (KHTML, like Gecko) Chrome/104.0.5112.81 Safari/537.36 Edg/104.0.1293.54"
time="2022-08-19 11:42:14" level=info DataSize=1235 HostName=WIN-E0QEJQUA102 Ip="::1" Method=GET Path=/api/article/list SpendTime="2 ms" Status=200 UserAgent="Mozilla/5.0 (Windows NT 10.0; Win64; x64) AppleWebKit/537.36 (KHTML, like Gecko) Chrome/104.0.5112.81 Safari/537.36 Edg/104.0.1293.54"
time="2022-08-19 11:42:15" level=info DataSize=141 HostName=WIN-E0QEJQUA102 Ip="::1" Method=GET Path=/api/category SpendTime="1 ms" Status=200 UserAgent="Mozilla/5.0 (Windows NT 10.0; Win64; x64) AppleWebKit/537.36 (KHTML, like Gecko) Chrome/104.0.5112.81 Safari/537.36 Edg/104.0.1293.54"
time="2022-08-19 11:42:16" level=info DataSize=232 HostName=WIN-E0QEJQUA102 Ip="::1" Method=GET Path=/api/project SpendTime="1 ms" Status=200 UserAgent="Mozilla/5.0 (Windows NT 10.0; Win64; x64) AppleWebKit/537.36 (KHTML, like Gecko) Chrome/104.0.5112.81 Safari/537.36 Edg/104.0.1293.54"
time="2022-08-19 11:42:17" level=info DataSize=46 HostName=WIN-E0QEJQUA102 Ip="::1" Method=GET Path=/api/life SpendTime="1 ms" Status=200 UserAgent="Mozilla/5.0 (Windows NT 10.0; Win64; x64) AppleWebKit/537.36 (KHTML, like Gecko) Chrome/104.0.5112.81 Safari/537.36 Edg/104.0.1293.54"
time="2022-08-19 11:42:19" level=info DataSize=502 HostName=WIN-E0QEJQUA102 Ip="::1" Method=GET Path=/api/board SpendTime="1 ms" Status=200 UserAgent="Mozilla/5.0 (Windows NT 10.0; Win64; x64) AppleWebKit/537.36 (KHTML, like Gecko) Chrome/104.0.5112.81 Safari/537.36 Edg/104.0.1293.54"
time="2022-08-19 13:07:44" level=info DataSize=1429 HostName=WIN-E0QEJQUA102 Ip="::1" Method=GET Path=/ SpendTime="1 ms" Status=200 UserAgent="Mozilla/5.0 (Windows NT 10.0; Win64; x64) AppleWebKit/537.36 (KHTML, like Gecko) Chrome/104.0.5112.81 Safari/537.36 Edg/104.0.1293.54"
time="2022-08-19 13:07:45" level=warning DataSize=0 HostName=WIN-E0QEJQUA102 Ip="::1" Method=GET Path=/styles/main.css SpendTime="0 ms" Status=404 UserAgent="Mozilla/5.0 (Windows NT 10.0; Win64; x64) AppleWebKit/537.36 (KHTML, like Gecko) Chrome/104.0.5112.81 Safari/537.36 Edg/104.0.1293.54"
time="2022-08-19 13:07:45" level=warning DataSize=0 HostName=WIN-E0QEJQUA102 Ip="::1" Method=GET Path=/styles/atom-one-dark.min.css SpendTime="0 ms" Status=404 UserAgent="Mozilla/5.0 (Windows NT 10.0; Win64; x64) AppleWebKit/537.36 (KHTML, like Gecko) Chrome/104.0.5112.81 Safari/537.36 Edg/104.0.1293.54"
time="2022-08-19 13:07:45" level=warning DataSize=0 HostName=WIN-E0QEJQUA102 Ip="::1" Method=GET Path=/styles/atom-one-light.min.css SpendTime="0 ms" Status=404 UserAgent="Mozilla/5.0 (Windows NT 10.0; Win64; x64) AppleWebKit/537.36 (KHTML, like Gecko) Chrome/104.0.5112.81 Safari/537.36 Edg/104.0.1293.54"
time="2022-08-19 13:07:45" level=warning DataSize=0 HostName=WIN-E0QEJQUA102 Ip="::1" Method=GET Path=/styles/highlight/highlight.pack.js SpendTime="0 ms" Status=404 UserAgent="Mozilla/5.0 (Windows NT 10.0; Win64; x64) AppleWebKit/537.36 (KHTML, like Gecko) Chrome/104.0.5112.81 Safari/537.36 Edg/104.0.1293.54"
time="2022-08-19 13:07:45" level=warning DataSize=0 HostName=WIN-E0QEJQUA102 Ip="::1" Method=GET Path=/radio/music.mp3 SpendTime="0 ms" Status=404 UserAgent="Mozilla/5.0 (Windows NT 10.0; Win64; x64) AppleWebKit/537.36 (KHTML, like Gecko) Chrome/104.0.5112.81 Safari/537.36 Edg/104.0.1293.54"
time="2022-08-19 13:07:45" level=info DataSize=9260 HostName=WIN-E0QEJQUA102 Ip="::1" Method=GET Path=/static/css/app.7633b5d3.css SpendTime="163 ms" Status=200 UserAgent="Mozilla/5.0 (Windows NT 10.0; Win64; x64) AppleWebKit/537.36 (KHTML, like Gecko) Chrome/104.0.5112.81 Safari/537.36 Edg/104.0.1293.54"
time="2022-08-19 13:07:45" level=info DataSize=38580 HostName=WIN-E0QEJQUA102 Ip="::1" Method=GET Path=/static/js/app.e331a60a.js SpendTime="204 ms" Status=200 UserAgent="Mozilla/5.0 (Windows NT 10.0; Win64; x64) AppleWebKit/537.36 (KHTML, like Gecko) Chrome/104.0.5112.81 Safari/537.36 Edg/104.0.1293.54"
time="2022-08-19 13:07:45" level=info DataSize=250733 HostName=WIN-E0QEJQUA102 Ip="::1" Method=GET Path=/static/css/chunk-vendors.717e8a9b.css SpendTime="230 ms" Status=200 UserAgent="Mozilla/5.0 (Windows NT 10.0; Win64; x64) AppleWebKit/537.36 (KHTML, like Gecko) Chrome/104.0.5112.81 Safari/537.36 Edg/104.0.1293.54"
time="2022-08-19 13:07:45" level=info DataSize=406929 HostName=WIN-E0QEJQUA102 Ip="::1" Method=GET Path=/static/js/chunk-vendors.47799176.js SpendTime="243 ms" Status=200 UserAgent="Mozilla/5.0 (Windows NT 10.0; Win64; x64) AppleWebKit/537.36 (KHTML, like Gecko) Chrome/104.0.5112.81 Safari/537.36 Edg/104.0.1293.54"
time="2022-08-19 13:07:45" level=info DataSize=48473 HostName=WIN-E0QEJQUA102 Ip="::1" Method=GET Path=/static/img/avater.7ccc0a36.jpg SpendTime="25 ms" Status=200 UserAgent="Mozilla/5.0 (Windows NT 10.0; Win64; x64) AppleWebKit/537.36 (KHTML, like Gecko) Chrome/104.0.5112.81 Safari/537.36 Edg/104.0.1293.54"
time="2022-08-19 13:07:45" level=info DataSize=93260 HostName=WIN-E0QEJQUA102 Ip="::1" Method=GET Path=/static/fonts/boxicons.b5e3cc0c.woff2 SpendTime="28 ms" Status=200 UserAgent="Mozilla/5.0 (Windows NT 10.0; Win64; x64) AppleWebKit/537.36 (KHTML, like Gecko) Chrome/104.0.5112.81 Safari/537.36 Edg/104.0.1293.54"
time="2022-08-19 13:07:45" level=warning DataSize=0 HostName=WIN-E0QEJQUA102 Ip="::1" Method=GET Path=/img/logo.png SpendTime="0 ms" Status=404 UserAgent="Mozilla/5.0 (Windows NT 10.0; Win64; x64) AppleWebKit/537.36 (KHTML, like Gecko) Chrome/104.0.5112.81 Safari/537.36 Edg/104.0.1293.54"
time="2022-08-19 13:07:48" level=warning DataSize=0 HostName=WIN-E0QEJQUA102 Ip="::1" Method=GET Path=/styles/main.css SpendTime="0 ms" Status=404 UserAgent="Mozilla/5.0 (Windows NT 10.0; Win64; x64) AppleWebKit/537.36 (KHTML, like Gecko) Chrome/104.0.5112.81 Safari/537.36 Edg/104.0.1293.54"
time="2022-08-19 13:07:48" level=warning DataSize=0 HostName=WIN-E0QEJQUA102 Ip="::1" Method=GET Path=/styles/atom-one-dark.min.css SpendTime="0 ms" Status=404 UserAgent="Mozilla/5.0 (Windows NT 10.0; Win64; x64) AppleWebKit/537.36 (KHTML, like Gecko) Chrome/104.0.5112.81 Safari/537.36 Edg/104.0.1293.54"
time="2022-08-19 13:07:48" level=warning DataSize=0 HostName=WIN-E0QEJQUA102 Ip="::1" Method=GET Path=/styles/atom-one-light.min.css SpendTime="0 ms" Status=404 UserAgent="Mozilla/5.0 (Windows NT 10.0; Win64; x64) AppleWebKit/537.36 (KHTML, like Gecko) Chrome/104.0.5112.81 Safari/537.36 Edg/104.0.1293.54"
time="2022-08-19 13:09:12" level=info DataSize=937 HostName=WIN-E0QEJQUA102 Ip="::1" Method=GET Path=/admin SpendTime="1 ms" Status=200 UserAgent="Mozilla/5.0 (Windows NT 10.0; Win64; x64) AppleWebKit/537.36 (KHTML, like Gecko) Chrome/104.0.5112.81 Safari/537.36 Edg/104.0.1293.54"
time="2022-08-19 13:09:13" level=info DataSize=1248 HostName=WIN-E0QEJQUA102 Ip="::1" Method=GET Path=/admin/css/app.336d5397.css SpendTime="122 ms" Status=200 UserAgent="Mozilla/5.0 (Windows NT 10.0; Win64; x64) AppleWebKit/537.36 (KHTML, like Gecko) Chrome/104.0.5112.81 Safari/537.36 Edg/104.0.1293.54"
time="2022-08-19 13:09:13" level=info DataSize=39145 HostName=WIN-E0QEJQUA102 Ip="::1" Method=GET Path=/admin/js/app.43635174.js SpendTime="127 ms" Status=200 UserAgent="Mozilla/5.0 (Windows NT 10.0; Win64; x64) AppleWebKit/537.36 (KHTML, like Gecko) Chrome/104.0.5112.81 Safari/537.36 Edg/104.0.1293.54"
time="2022-08-19 13:09:13" level=info DataSize=1482138 HostName=WIN-E0QEJQUA102 Ip="::1" Method=GET Path=/admin/js/chunk-vendors.4037cc19.js SpendTime="157 ms" Status=200 UserAgent="Mozilla/5.0 (Windows NT 10.0; Win64; x64) AppleWebKit/537.36 (KHTML, like Gecko) Chrome/104.0.5112.81 Safari/537.36 Edg/104.0.1293.54"
time="2022-08-19 13:09:13" level=info DataSize=390912 HostName=WIN-E0QEJQUA102 Ip="::1" Method=GET Path=/admin/tinymce/tinymce.min.js SpendTime="209 ms" Status=200 UserAgent="Mozilla/5.0 (Windows NT 10.0; Win64; x64) AppleWebKit/537.36 (KHTML, like Gecko) Chrome/104.0.5112.81 Safari/537.36 Edg/104.0.1293.54"
time="2022-08-19 13:09:13" level=info DataSize=204464 HostName=WIN-E0QEJQUA102 Ip="::1" Method=GET Path=/admin/css/chunk-vendors.ad785a17.css SpendTime="225 ms" Status=200 UserAgent="Mozilla/5.0 (Windows NT 10.0; Win64; x64) AppleWebKit/537.36 (KHTML, like Gecko) Chrome/104.0.5112.81 Safari/537.36 Edg/104.0.1293.54"
time="2022-08-19 13:09:13" level=info DataSize=1000282 HostName=WIN-E0QEJQUA102 Ip="::1" Method=GET Path=/admin/img/login_bg.da04e467.jpg SpendTime="31 ms" Status=200 UserAgent="Mozilla/5.0 (Windows NT 10.0; Win64; x64) AppleWebKit/537.36 (KHTML, like Gecko) Chrome/104.0.5112.81 Safari/537.36 Edg/104.0.1293.54"
time="2022-08-19 13:09:13" level=info DataSize=28200 HostName=WIN-E0QEJQUA102 Ip="::1" Method=GET Path=/admin/fonts/element-icons.ff18efd1.woff SpendTime="26 ms" Status=200 UserAgent="Mozilla/5.0 (Windows NT 10.0; Win64; x64) AppleWebKit/537.36 (KHTML, like Gecko) Chrome/104.0.5112.81 Safari/537.36 Edg/104.0.1293.54"
time="2022-08-19 13:10:32" level=info DataSize=1462 HostName=WIN-E0QEJQUA102 Ip="::1" Method=GET Path=/ SpendTime="1 ms" Status=200 UserAgent="Mozilla/5.0 (Windows NT 10.0; Win64; x64) AppleWebKit/537.36 (KHTML, like Gecko) Chrome/104.0.5112.81 Safari/537.36 Edg/104.0.1293.54"
time="2022-08-19 13:10:32" level=info DataSize=2517 HostName=WIN-E0QEJQUA102 Ip="::1" Method=GET Path=/static/styles/main.css SpendTime="96 ms" Status=200 UserAgent="Mozilla/5.0 (Windows NT 10.0; Win64; x64) AppleWebKit/537.36 (KHTML, like Gecko) Chrome/104.0.5112.81 Safari/537.36 Edg/104.0.1293.54"
time="2022-08-19 13:10:32" level=info DataSize=1690 HostName=WIN-E0QEJQUA102 Ip="::1" Method=GET Path=/static/styles/atom-one-dark.min.css SpendTime="105 ms" Status=200 UserAgent="Mozilla/5.0 (Windows NT 10.0; Win64; x64) AppleWebKit/537.36 (KHTML, like Gecko) Chrome/104.0.5112.81 Safari/537.36 Edg/104.0.1293.54"
time="2022-08-19 13:10:32" level=info DataSize=110215 HostName=WIN-E0QEJQUA102 Ip="::1" Method=GET Path=/static/styles/highlight/highlight.pack.js SpendTime="117 ms" Status=200 UserAgent="Mozilla/5.0 (Windows NT 10.0; Win64; x64) AppleWebKit/537.36 (KHTML, like Gecko) Chrome/104.0.5112.81 Safari/537.36 Edg/104.0.1293.54"
time="2022-08-19 13:10:32" level=warning DataSize=0 HostName=WIN-E0QEJQUA102 Ip="::1" Method=GET Path=/radio/music.mp3 SpendTime="0 ms" Status=404 UserAgent="Mozilla/5.0 (Windows NT 10.0; Win64; x64) AppleWebKit/537.36 (KHTML, like Gecko) Chrome/104.0.5112.81 Safari/537.36 Edg/104.0.1293.54"
time="2022-08-19 13:10:32" level=info DataSize=1115 HostName=WIN-E0QEJQUA102 Ip="::1" Method=GET Path=/static/styles/atom-one-light.min.css SpendTime="116 ms" Status=200 UserAgent="Mozilla/5.0 (Windows NT 10.0; Win64; x64) AppleWebKit/537.36 (KHTML, like Gecko) Chrome/104.0.5112.81 Safari/537.36 Edg/104.0.1293.54"
time="2022-08-19 13:10:32" level=info DataSize=256920 HostName=WIN-E0QEJQUA102 Ip="::1" Method=GET Path=/static/fonts/Poppins/Poppins-Regular.ttf SpendTime="98 ms" Status=200 UserAgent="Mozilla/5.0 (Windows NT 10.0; Win64; x64) AppleWebKit/537.36 (KHTML, like Gecko) Chrome/104.0.5112.81 Safari/537.36 Edg/104.0.1293.54"
time="2022-08-19 13:10:32" level=info DataSize=5928702 HostName=WIN-E0QEJQUA102 Ip="::1" Method=GET Path=/static/img/bg_white.gif SpendTime="381 ms" Status=200 UserAgent="Mozilla/5.0 (Windows NT 10.0; Win64; x64) AppleWebKit/537.36 (KHTML, like Gecko) Chrome/104.0.5112.81 Safari/537.36 Edg/104.0.1293.54"
time="2022-08-19 13:10:32" level=info DataSize=9644 HostName=WIN-E0QEJQUA102 Ip="::1" Method=GET Path=/static/img/logo.png SpendTime="7 ms" Status=200 UserAgent="Mozilla/5.0 (Windows NT 10.0; Win64; x64) AppleWebKit/537.36 (KHTML, like Gecko) Chrome/104.0.5112.81 Safari/537.36 Edg/104.0.1293.54"
time="2022-08-19 13:11:13" level=info DataSize=1469 HostName=WIN-E0QEJQUA102 Ip="::1" Method=GET Path=/ SpendTime="2 ms" Status=200 UserAgent="Mozilla/5.0 (Windows NT 10.0; Win64; x64) AppleWebKit/537.36 (KHTML, like Gecko) Chrome/104.0.5112.81 Safari/537.36 Edg/104.0.1293.54"
time="2022-08-19 13:11:14" level=info DataSize=4227072 HostName=WIN-E0QEJQUA102 Ip="::1" Method=GET Path=/static/radio/music.mp3 SpendTime="271 ms" Status=206 UserAgent="Mozilla/5.0 (Windows NT 10.0; Win64; x64) AppleWebKit/537.36 (KHTML, like Gecko) Chrome/104.0.5112.81 Safari/537.36 Edg/104.0.1293.54"
time="2022-08-19 13:11:20" level=info DataSize=2785280 HostName=WIN-E0QEJQUA102 Ip="::1" Method=GET Path=/static/radio/music.mp3 SpendTime="3470 ms" Status=206 UserAgent="Mozilla/5.0 (Windows NT 10.0; Win64; x64) AppleWebKit/537.36 (KHTML, like Gecko) Chrome/104.0.5112.81 Safari/537.36 Edg/104.0.1293.54"
